[debug] [2024-02-27T17:36:14.226Z] ----------------------------------------------------------------------
[debug] [2024-02-27T17:36:14.233Z] Command:       C:\Program Files\nodejs\node.exe C:\Users\Gilmer\AppData\Roaming\npm\node_modules\firebase-tools\lib\bin\firebase.js init
[debug] [2024-02-27T17:36:14.233Z] CLI Version:   13.3.1
[debug] [2024-02-27T17:36:14.233Z] Platform:      win32
[debug] [2024-02-27T17:36:14.233Z] Node Version:  v20.10.0
[debug] [2024-02-27T17:36:14.233Z] Time:          Tue Feb 27 2024 12:36:14 GMT-0500 (hora estándar de Colombia)
[debug] [2024-02-27T17:36:14.233Z] ----------------------------------------------------------------------
[debug] 
[debug] [2024-02-27T17:36:14.236Z] >>> [apiv2][query] GET https://firebase-public.firebaseio.com/cli.json [none]
[debug] [2024-02-27T17:36:14.354Z] > command requires scopes: ["email","openid","https://www.googleapis.com/auth/cloudplatformprojects.readonly","https://www.googleapis.com/auth/firebase","https://www.googleapis.com/auth/cloud-platform"]
[debug] [2024-02-27T17:36:14.354Z] > authorizing via signed-in user (jjh24414@gmail.com)
[info] 
     ######## #### ########  ######## ########     ###     ######  ########
     ##        ##  ##     ## ##       ##     ##  ##   ##  ##       ##
     ######    ##  ########  ######   ########  #########  ######  ######
     ##        ##  ##    ##  ##       ##     ## ##     ##       ## ##
     ##       #### ##     ## ######## ########  ##     ##  ######  ########

You're about to initialize a Firebase project in this directory:

  C:\Users\Gilmer

Before we get started, keep in mind:

  * You are initializing within an existing Firebase project directory

[debug] [2024-02-27T17:36:15.049Z] <<< [apiv2][status] GET https://firebase-public.firebaseio.com/cli.json 200
[debug] [2024-02-27T17:36:15.049Z] <<< [apiv2][body] GET https://firebase-public.firebaseio.com/cli.json {"cloudBuildErrorAfter":1594252800000,"cloudBuildWarnAfter":1590019200000,"defaultNode10After":1594252800000,"minVersion":"3.0.5","node8DeploysDisabledAfter":1613390400000,"node8RuntimeDisabledAfter":1615809600000,"node8WarnAfter":1600128000000}
[info] 
=== Project Setup
[info] 
[info] First, let's associate this project directory with a Firebase project.
[info] You can create multiple project aliases by running firebase use --add, 
[info] but for now we'll just set up a default project.
[info] 
[debug] [2024-02-27T17:36:17.820Z] Using project from CLI flag: nbchh24onliiine
[debug] [2024-02-27T17:36:17.820Z] > refreshing access token with scopes: []
[debug] [2024-02-27T17:36:17.821Z] >>> [apiv2][query] POST https://www.googleapis.com/oauth2/v3/token [none]
[debug] [2024-02-27T17:36:17.821Z] >>> [apiv2][body] POST https://www.googleapis.com/oauth2/v3/token [omitted]
[debug] [2024-02-27T17:36:19.892Z] <<< [apiv2][status] POST https://www.googleapis.com/oauth2/v3/token 200
[debug] [2024-02-27T17:36:19.892Z] <<< [apiv2][body] POST https://www.googleapis.com/oauth2/v3/token [omitted]
[debug] [2024-02-27T17:36:19.896Z] >>> [apiv2][query] GET https://firebase.googleapis.com/v1beta1/projects/nbchh24onliiine [none]
[debug] [2024-02-27T17:36:20.865Z] <<< [apiv2][status] GET https://firebase.googleapis.com/v1beta1/projects/nbchh24onliiine 403
[debug] [2024-02-27T17:36:20.865Z] <<< [apiv2][body] GET https://firebase.googleapis.com/v1beta1/projects/nbchh24onliiine {"error":{"code":403,"message":"The caller does not have permission","status":"PERMISSION_DENIED"}}
[debug] [2024-02-27T17:36:20.865Z] HTTP Error: 403, The caller does not have permission
[debug] [2024-02-27T17:36:21.059Z] FirebaseError: HTTP Error: 403, The caller does not have permission
    at responseToError (C:\Users\Gilmer\AppData\Roaming\npm\node_modules\firebase-tools\lib\responseToError.js:49:12)
    at RetryOperation._fn (C:\Users\Gilmer\AppData\Roaming\npm\node_modules\firebase-tools\lib\apiv2.js:292:77)
    at process.processTicksAndRejections (node:internal/process/task_queues:95:5)
[error] 
[error] Error: Failed to get Firebase project nbchh24onliiine. Please make sure the project exists and your account has permission to access it.
[debug] [2024-02-27T17:37:33.490Z] ----------------------------------------------------------------------
[debug] [2024-02-27T17:37:33.493Z] Command:       C:\Program Files\nodejs\node.exe C:\Users\Gilmer\AppData\Roaming\npm\node_modules\firebase-tools\lib\bin\firebase.js init
[debug] [2024-02-27T17:37:33.493Z] CLI Version:   13.3.1
[debug] [2024-02-27T17:37:33.493Z] Platform:      win32
[debug] [2024-02-27T17:37:33.493Z] Node Version:  v20.10.0
[debug] [2024-02-27T17:37:33.494Z] Time:          Tue Feb 27 2024 12:37:33 GMT-0500 (hora estándar de Colombia)
[debug] [2024-02-27T17:37:33.494Z] ----------------------------------------------------------------------
[debug] 
[debug] [2024-02-27T17:37:33.560Z] > command requires scopes: ["email","openid","https://www.googleapis.com/auth/cloudplatformprojects.readonly","https://www.googleapis.com/auth/firebase","https://www.googleapis.com/auth/cloud-platform"]
[debug] [2024-02-27T17:37:33.560Z] > authorizing via signed-in user (jjh24414@gmail.com)
[info] 
     ######## #### ########  ######## ########     ###     ######  ########
     ##        ##  ##     ## ##       ##     ##  ##   ##  ##       ##
     ######    ##  ########  ######   ########  #########  ######  ######
     ##        ##  ##    ##  ##       ##     ## ##     ##       ## ##
     ##       #### ##     ## ######## ########  ##     ##  ######  ########

You're about to initialize a Firebase project in this directory:

  C:\Users\Gilmer

Before we get started, keep in mind:

  * You are initializing within an existing Firebase project directory

[info] 
=== Project Setup
[info] 
[info] First, let's associate this project directory with a Firebase project.
[info] You can create multiple project aliases by running firebase use --add, 
[info] but for now we'll just set up a default project.
[info] 
[debug] [2024-02-27T17:37:40.154Z] Using project from CLI flag: nbchh24onliiine
[debug] [2024-02-27T17:37:40.157Z] >>> [apiv2][query] GET https://firebase.googleapis.com/v1beta1/projects/nbchh24onliiine [none]
[debug] [2024-02-27T17:37:41.713Z] <<< [apiv2][status] GET https://firebase.googleapis.com/v1beta1/projects/nbchh24onliiine 403
[debug] [2024-02-27T17:37:41.713Z] <<< [apiv2][body] GET https://firebase.googleapis.com/v1beta1/projects/nbchh24onliiine {"error":{"code":403,"message":"The caller does not have permission","status":"PERMISSION_DENIED"}}
[debug] [2024-02-27T17:37:41.714Z] HTTP Error: 403, The caller does not have permission
[debug] [2024-02-27T17:37:42.938Z] FirebaseError: HTTP Error: 403, The caller does not have permission
    at responseToError (C:\Users\Gilmer\AppData\Roaming\npm\node_modules\firebase-tools\lib\responseToError.js:49:12)
    at RetryOperation._fn (C:\Users\Gilmer\AppData\Roaming\npm\node_modules\firebase-tools\lib\apiv2.js:292:77)
    at process.processTicksAndRejections (node:internal/process/task_queues:95:5)
[error] 
[error] Error: Failed to get Firebase project nbchh24onliiine. Please make sure the project exists and your account has permission to access it.
